<?xml version="1.0" encoding="UTF-8"?>
<beans xmlns="http://www.springframework.org/schema/beans"
	xmlns:xsi="http://www.w3.org/2001/XMLSchema-instance" xmlns:context="http://www.springframework.org/schema/context"
	xmlns:mvc="http://www.springframework.org/schema/mvc"
	xsi:schemaLocation="http://www.springframework.org/schema/beans
		http://www.springframework.org/schema/beans/spring-beans-3.1.xsd
		http://www.springframework.org/schema/mvc
		http://www.springframework.org/schema/mvc/spring-mvc-3.1.xsd
		http://www.springframework.org/schema/context
		http://www.springframework.org/schema/context/spring-context-3.1.xsd">
	
	<bean class="org.springframework.web.servlet.mvc.annotation.AnnotationMethodHandlerAdapter" />
    
	<bean class="org.springframework.web.servlet.mvc.annotation.DefaultAnnotationHandlerMapping">
	     <property name="interceptors">
	        <ref bean="localeChangeInterceptor" />
	    </property>
    </bean>
	
	<bean id="messageSource" class="org.springframework.context.support.ResourceBundleMessageSource">
		<property name="basename" value="messages" />
	</bean>
	
	<bean id="localeResolver" class="org.springframework.web.servlet.i18n.SessionLocaleResolver">
		<property name="defaultLocale" value="en" />
	</bean>
	
	<bean id="localeChangeInterceptor" class="org.springframework.web.servlet.i18n.LocaleChangeInterceptor">
    	<property name="paramName" value="lang" />
	</bean>
	
	<bean id="rythmConfigurator" class="com.ctlok.springframework.web.servlet.view.rythm.RythmConfigurator">
	    <property name="mode" value="dev" />
    </bean>
    
	<bean id="rythmViewResolver" class="com.ctlok.springframework.web.servlet.view.rythm.RythmViewResolver">
		<constructor-arg>
			<ref bean="rythmConfigurator" />
		</constructor-arg>
		<property name="prefix" value="template/" />
		<property name="suffix" value=".html" />
	</bean>
	
</beans>